<?xml version="1.0" encoding="UTF-8"?>
<!-- Generated by org.testng.reporters.JUnitXMLReporter -->
<testsuite ignored="0" hostname="Adarshs-Air" failures="0" tests="6" name="Command line test" time="0.047" errors="0" timestamp="2022-02-02T00:29:15 IST">
  <testcase classname="QAClickacademy.Mavenjava.AppiumTest" name="appiumAutomationFirstMethod" time="0.004"/>
  <testcase classname="QAClickacademy.Mavenjava.AppiumTest" name="appiumAutomationSecondMethod" time="0.0"/>
  <testcase classname="QAClickacademy.Mavenjava.APITest" name="apiAutomatiFirstMethod" time="0.001"/>
  <testcase classname="QAClickacademy.Mavenjava.APITest" name="apiAutomationSecondMethod" time="0.001"/>
  <testcase classname="QAClickacademy.Mavenjava.SeleniumTest" name="browserAutomation" time="0.0"/>
  <testcase classname="QAClickacademy.Mavenjava.SeleniumTest" name="elementsUI" time="0.001"/>
</testsuite> <!-- Command line test -->
