<?xml version="1.0" encoding="UTF-8"?>
<testsuite xmlns:xsi="http://www.w3.org/2001/XMLSchema-instance" xsi:noNamespaceSchemaLocation="https://maven.apache.org/surefire/maven-surefire-plugin/xsd/surefire-test-report-3.0.xsd" version="3.0" name="TestSuite" time="0.533" tests="4" errors="0" skipped="0" failures="0">
  <properties>
[...]
</properties>
  <testcase name="apiAutomatiFirstMethod" classname="QAClickacademy.Mavenjava.APITest" time="0.005">
    <system-out><![CDATA[apiAutomatiFirstMethod
]]></system-out>
    <system-err><![CDATA[SLF4J: Failed to load class "org.slf4j.impl.StaticLoggerBinder".
SLF4J: Defaulting to no-operation (NOP) logger implementation
SLF4J: See http://www.slf4j.org/codes.html#StaticLoggerBinder for further details.
]]></system-err>
  </testcase>
  <testcase name="apiAutomationSecondMethod" classname="QAClickacademy.Mavenjava.APITest" time="0">
    <system-out><![CDATA[apiAutomationSecondMethod
]]></system-out>
  </testcase>
  <testcase name="appiumAutomationFirstMethod" classname="QAClickacademy.Mavenjava.AppiumTest" time="0">
    <system-out><![CDATA[appiumAutomationFirstMethod
]]></system-out>
  </testcase>
  <testcase name="appiumAutomationSecondMethod" classname="QAClickacademy.Mavenjava.AppiumTest" time="0">
    <system-out><![CDATA[appiumAutomationSecondMethod
]]></system-out>
  </testcase>
</testsuite>