<?xml version="1.0" encoding="UTF-8"?>
<testng-results ignored="0" total="4" passed="4" failed="0" skipped="0">
  <reporter-output>
  </reporter-output>
  <suite started-at="2022-02-02T00:30:33 IST" name="Suite" finished-at="2022-02-02T00:30:33 IST" duration-ms="47">
    <groups>
    </groups>
    <test started-at="2022-02-02T00:30:33 IST" name="Test" finished-at="2022-02-02T00:30:33 IST" duration-ms="47">
      <class name="QAClickacademy.Mavenjava.APITest">
        <test-method signature="apiAutomatiFirstMethod()[pri:0, instance:QAClickacademy.Mavenjava.APITest@77e9807f]" started-at="2022-02-02T00:30:33 IST" name="apiAutomatiFirstMethod" finished-at="2022-02-02T00:30:33 IST" duration-ms="4" status="PASS">
          <reporter-output>
          </reporter-output>
        </test-method> <!-- apiAutomatiFirstMethod -->
        <test-method signature="apiAutomationSecondMethod()[pri:0, instance:QAClickacademy.Mavenjava.APITest@77e9807f]" started-at="2022-02-02T00:30:33 IST" name="apiAutomationSecondMethod" finished-at="2022-02-02T00:30:33 IST" duration-ms="1" status="PASS">
          <reporter-output>
          </reporter-output>
        </test-method> <!-- apiAutomationSecondMethod -->
      </class> <!-- QAClickacademy.Mavenjava.APITest -->
      <class name="QAClickacademy.Mavenjava.AppiumTest">
        <test-method signature="appiumAutomationFirstMethod()[pri:0, instance:QAClickacademy.Mavenjava.AppiumTest@8b96fde]" started-at="2022-02-02T00:30:33 IST" name="appiumAutomationFirstMethod" finished-at="2022-02-02T00:30:33 IST" duration-ms="1" status="PASS">
          <reporter-output>
          </reporter-output>
        </test-method> <!-- appiumAutomationFirstMethod -->
        <test-method signature="appiumAutomationSecondMethod()[pri:0, instance:QAClickacademy.Mavenjava.AppiumTest@8b96fde]" started-at="2022-02-02T00:30:33 IST" name="appiumAutomationSecondMethod" finished-at="2022-02-02T00:30:33 IST" duration-ms="0" status="PASS">
          <reporter-output>
          </reporter-output>
        </test-method> <!-- appiumAutomationSecondMethod -->
      </class> <!-- QAClickacademy.Mavenjava.AppiumTest -->
    </test> <!-- Test -->
  </suite> <!-- Suite -->
</testng-results>
